<?xml version="1.0" encoding="UTF-8"?>
<!-- Generated by org.testng.reporters.JUnitReportReporter -->
<testsuite skipped="0" hostname="DESKTOP-9CGM9OG" name="com.testNG.GoogleTest" tests="2" failures="0" timestamp="27 Nov 2019 14:00:58 GMT" time="20.284" errors="0">
  <testcase name="GoogleTitleTest" time="9.409" classname="com.testNG.GoogleTest"/>
  <testcase name="googleLogoTest" time="10.875" classname="com.testNG.GoogleTest"/>
</testsuite> <!-- com.testNG.GoogleTest -->
