<?xml version="1.0" encoding="UTF-8"?>
<!-- Generated by org.testng.reporters.JUnitReportReporter -->
<testsuite skipped="0" hostname="A" name="pgkThree.Amazon" tests="1" failures="0" timestamp="04 Feb 2019 11:25:04 GMT" time="12.915" errors="0">
  <testcase name="signup" time="12.915" classname="pgkThree.Amazon"/>
</testsuite> <!-- pgkThree.Amazon -->
