<?xml version="1.0" encoding="UTF-8"?>
<!-- Generated by org.testng.reporters.JUnitReportReporter -->
<testsuite skipped="0" hostname="DESKTOP-9CGM9OG" name="dataDrivenFramework.HalfEbayTest" tests="4" failures="0" timestamp="21 Nov 2019 14:55:24 GMT" time="82.738" errors="0">
  <testcase name="halfEbayRegPageTest" time="13.805" classname="dataDrivenFramework.HalfEbayTest"/>
  <testcase name="halfEbayRegPageTest" time="19.331" classname="dataDrivenFramework.HalfEbayTest"/>
  <testcase name="halfEbayRegPageTest" time="17.925" classname="dataDrivenFramework.HalfEbayTest"/>
  <testcase name="halfEbayRegPageTest" time="31.677" classname="dataDrivenFramework.HalfEbayTest"/>
</testsuite> <!-- dataDrivenFramework.HalfEbayTest -->
