<?xml version="1.0" encoding="UTF-8"?>
<!-- Generated by org.testng.reporters.JUnitReportReporter -->
<testsuite skipped="0" hostname="A" name="testNgpkg.TestNGInovation" tests="2" failures="0" timestamp="15 Apr 2018 03:39:03 GMT" time="0.016" errors="0">
  <testcase name="TC2" time="0.008" classname="testNgpkg.TestNGInovation"/>
  <testcase name="TC1" time="0.008" classname="testNgpkg.TestNGInovation"/>
</testsuite> <!-- testNgpkg.TestNGInovation -->
