<?xml version="1.0" encoding="UTF-8"?>
<!-- Generated by org.testng.reporters.JUnitReportReporter -->
<testsuite skipped="0" hostname="A" name="testNgpkg.Selenium" tests="1" failures="0" timestamp="25 Apr 2018 09:08:54 GMT" time="1.051" errors="0">
  <testcase name="username" time="1.051" classname="testNgpkg.Selenium"/>
</testsuite> <!-- testNgpkg.Selenium -->
