<?xml version="1.0" encoding="UTF-8"?>
<!-- Generated by org.testng.reporters.JUnitReportReporter -->
<testsuite skipped="0" hostname="A" name="com.testNG.GoogleTest" tests="2" failures="0" timestamp="30 Dec 2018 05:39:10 GMT" time="35.749" errors="0">
  <testcase name="GoogleTitleTest" time="18.938" classname="com.testNG.GoogleTest"/>
  <testcase name="googleLogoTest" time="16.811" classname="com.testNG.GoogleTest"/>
</testsuite> <!-- com.testNG.GoogleTest -->
