<?xml version="1.0" encoding="UTF-8"?>
<!-- Generated by org.testng.reporters.JUnitReportReporter -->
<testsuite skipped="0" hostname="A" name="testNgpkg.TestNGClass" tests="1" failures="0" timestamp="08 Apr 2018 06:33:41 GMT" time="0.007" errors="0">
  <testcase name="f" time="0.007" classname="testNgpkg.TestNGClass"/>
</testsuite> <!-- testNgpkg.TestNGClass -->
