<?xml version="1.0" encoding="UTF-8"?>
<!-- Generated by org.testng.reporters.JUnitReportReporter -->
<testsuite skipped="0" hostname="A" name="pgkThree.Project03" tests="1" failures="0" timestamp="28 Dec 2018 08:41:22 GMT" time="4.661" errors="0">
  <testcase name="Login" time="4.661" classname="pgkThree.Project03"/>
</testsuite> <!-- pgkThree.Project03 -->
