<?xml version="1.0" encoding="UTF-8"?>
<!-- Generated by org.testng.reporters.JUnitReportReporter -->
<testsuite skipped="1" hostname="DESKTOP-9CGM9OG" name="dataDrivenFramework.HalfEbayTest" tests="1" failures="0" timestamp="27 Nov 2019 13:56:58 GMT" time="0.000" errors="0">
  <testcase name="halfEbayRegPageTest" time="0.000" classname="dataDrivenFramework.HalfEbayTest">
    <skipped/>
  </testcase> <!-- halfEbayRegPageTest -->
</testsuite> <!-- dataDrivenFramework.HalfEbayTest -->
